1764598578.785366 client started (2456843): version 3.6, socket /tmp/tmux-1000/default, protocol 8
1764598578.785657 on Linux 5.15.0-91-generic #101-Ubuntu SMP Tue Nov 14 13:30:08 UTC 2023
1764598578.785664 using libevent 2.1.12-stable poll
1764598578.785666 using ncurses 6.5 20240427
1764598578.785677 flags are 0x18010000
1764598578.785680 socket is /tmp/tmux-1000/default
1764598578.785690 trying connect
1764598578.785712 add peer 0x5618c7f1d660: 6 ((nil))
1764598578.785913 sending message 111 to peer 0x5618c7f1d660 (8 bytes)
1764598578.785918 sending message 111 to peer 0x5618c7f1d660 (8 bytes)
1764598578.785921 sending message 101 to peer 0x5618c7f1d660 (15 bytes)
1764598578.785923 sending message 109 to peer 0x5618c7f1d660 (4 bytes)
1764598578.785926 sending message 102 to peer 0x5618c7f1d660 (11 bytes)
1764598578.785928 sending message 108 to peer 0x5618c7f1d660 (26 bytes)
1764598578.785930 sending message 112 to peer 0x5618c7f1d660 (58 bytes)
1764598578.785933 sending message 112 to peer 0x5618c7f1d660 (5 bytes)
1764598578.785935 sending message 112 to peer 0x5618c7f1d660 (5 bytes)
1764598578.785937 sending message 112 to peer 0x5618c7f1d660 (6 bytes)
1764598578.785939 sending message 112 to peer 0x5618c7f1d660 (6 bytes)
1764598578.785941 sending message 112 to peer 0x5618c7f1d660 (11 bytes)
1764598578.785943 sending message 112 to peer 0x5618c7f1d660 (10 bytes)
1764598578.785945 sending message 112 to peer 0x5618c7f1d660 (13 bytes)
1764598578.785947 sending message 112 to peer 0x5618c7f1d660 (14 bytes)
1764598578.785949 sending message 112 to peer 0x5618c7f1d660 (19 bytes)
1764598578.785951 sending message 112 to peer 0x5618c7f1d660 (11 bytes)
1764598578.785953 sending message 112 to peer 0x5618c7f1d660 (10 bytes)
1764598578.785955 sending message 112 to peer 0x5618c7f1d660 (15 bytes)
1764598578.785957 sending message 112 to peer 0x5618c7f1d660 (21 bytes)
1764598578.785960 sending message 112 to peer 0x5618c7f1d660 (13 bytes)
1764598578.785962 sending message 112 to peer 0x5618c7f1d660 (7 bytes)
1764598578.785964 sending message 112 to peer 0x5618c7f1d660 (13 bytes)
1764598578.785966 sending message 112 to peer 0x5618c7f1d660 (7 bytes)
1764598578.785968 sending message 112 to peer 0x5618c7f1d660 (13 bytes)
1764598578.785970 sending message 112 to peer 0x5618c7f1d660 (9 bytes)
1764598578.785972 sending message 112 to peer 0x5618c7f1d660 (21 bytes)
1764598578.785974 sending message 112 to peer 0x5618c7f1d660 (13 bytes)
1764598578.785976 sending message 112 to peer 0x5618c7f1d660 (9 bytes)
1764598578.785978 sending message 112 to peer 0x5618c7f1d660 (16 bytes)
1764598578.785980 sending message 112 to peer 0x5618c7f1d660 (13 bytes)
1764598578.785982 sending message 112 to peer 0x5618c7f1d660 (9 bytes)
1764598578.785984 sending message 112 to peer 0x5618c7f1d660 (9 bytes)
1764598578.785986 sending message 112 to peer 0x5618c7f1d660 (12 bytes)
1764598578.785988 sending message 112 to peer 0x5618c7f1d660 (8 bytes)
1764598578.785990 sending message 112 to peer 0x5618c7f1d660 (8 bytes)
1764598578.785992 sending message 112 to peer 0x5618c7f1d660 (13 bytes)
1764598578.785994 sending message 112 to peer 0x5618c7f1d660 (7 bytes)
1764598578.785996 sending message 112 to peer 0x5618c7f1d660 (7 bytes)
1764598578.785998 sending message 112 to peer 0x5618c7f1d660 (9 bytes)
1764598578.786000 sending message 112 to peer 0x5618c7f1d660 (9 bytes)
1764598578.786002 sending message 112 to peer 0x5618c7f1d660 (15 bytes)
1764598578.786004 sending message 112 to peer 0x5618c7f1d660 (13 bytes)
1764598578.786006 sending message 112 to peer 0x5618c7f1d660 (12 bytes)
1764598578.786008 sending message 112 to peer 0x5618c7f1d660 (8 bytes)
1764598578.786010 sending message 112 to peer 0x5618c7f1d660 (14 bytes)
1764598578.786012 sending message 112 to peer 0x5618c7f1d660 (11 bytes)
1764598578.786014 sending message 112 to peer 0x5618c7f1d660 (9 bytes)
1764598578.786016 sending message 112 to peer 0x5618c7f1d660 (10 bytes)
1764598578.786018 sending message 112 to peer 0x5618c7f1d660 (10 bytes)
1764598578.786020 sending message 112 to peer 0x5618c7f1d660 (10 bytes)
1764598578.786028 sending message 112 to peer 0x5618c7f1d660 (10 bytes)
1764598578.786030 sending message 112 to peer 0x5618c7f1d660 (11 bytes)
1764598578.786032 sending message 112 to peer 0x5618c7f1d660 (12 bytes)
1764598578.786034 sending message 112 to peer 0x5618c7f1d660 (12 bytes)
1764598578.786037 sending message 112 to peer 0x5618c7f1d660 (12 bytes)
1764598578.786039 sending message 112 to peer 0x5618c7f1d660 (12 bytes)
1764598578.786041 sending message 112 to peer 0x5618c7f1d660 (12 bytes)
1764598578.786043 sending message 112 to peer 0x5618c7f1d660 (11 bytes)
1764598578.786045 sending message 112 to peer 0x5618c7f1d660 (11 bytes)
1764598578.786047 sending message 112 to peer 0x5618c7f1d660 (12 bytes)
1764598578.786049 sending message 112 to peer 0x5618c7f1d660 (12 bytes)
1764598578.786051 sending message 112 to peer 0x5618c7f1d660 (12 bytes)
1764598578.786053 sending message 112 to peer 0x5618c7f1d660 (12 bytes)
1764598578.786055 sending message 112 to peer 0x5618c7f1d660 (12 bytes)
1764598578.786057 sending message 112 to peer 0x5618c7f1d660 (9 bytes)
1764598578.786059 sending message 112 to peer 0x5618c7f1d660 (12 bytes)
1764598578.786061 sending message 112 to peer 0x5618c7f1d660 (13 bytes)
1764598578.786063 sending message 112 to peer 0x5618c7f1d660 (13 bytes)
1764598578.786065 sending message 112 to peer 0x5618c7f1d660 (13 bytes)
1764598578.786067 sending message 112 to peer 0x5618c7f1d660 (13 bytes)
1764598578.786069 sending message 112 to peer 0x5618c7f1d660 (13 bytes)
1764598578.786071 sending message 112 to peer 0x5618c7f1d660 (8 bytes)
1764598578.786072 sending message 112 to peer 0x5618c7f1d660 (11 bytes)
1764598578.786074 sending message 112 to peer 0x5618c7f1d660 (11 bytes)
1764598578.786077 sending message 112 to peer 0x5618c7f1d660 (11 bytes)
1764598578.786079 sending message 112 to peer 0x5618c7f1d660 (12 bytes)
1764598578.786081 sending message 112 to peer 0x5618c7f1d660 (12 bytes)
1764598578.786083 sending message 112 to peer 0x5618c7f1d660 (12 bytes)
1764598578.786085 sending message 112 to peer 0x5618c7f1d660 (12 bytes)
1764598578.786086 sending message 112 to peer 0x5618c7f1d660 (13 bytes)
1764598578.786088 sending message 112 to peer 0x5618c7f1d660 (13 bytes)
1764598578.786090 sending message 112 to peer 0x5618c7f1d660 (13 bytes)
1764598578.786092 sending message 112 to peer 0x5618c7f1d660 (8 bytes)
1764598578.786094 sending message 112 to peer 0x5618c7f1d660 (13 bytes)
1764598578.786097 sending message 112 to peer 0x5618c7f1d660 (13 bytes)
1764598578.786099 sending message 112 to peer 0x5618c7f1d660 (13 bytes)
1764598578.786101 sending message 112 to peer 0x5618c7f1d660 (13 bytes)
1764598578.786103 sending message 112 to peer 0x5618c7f1d660 (13 bytes)
1764598578.786105 sending message 112 to peer 0x5618c7f1d660 (12 bytes)
1764598578.786107 sending message 112 to peer 0x5618c7f1d660 (12 bytes)
1764598578.786109 sending message 112 to peer 0x5618c7f1d660 (12 bytes)
1764598578.786110 sending message 112 to peer 0x5618c7f1d660 (12 bytes)
1764598578.786112 sending message 112 to peer 0x5618c7f1d660 (13 bytes)
1764598578.786115 sending message 112 to peer 0x5618c7f1d660 (8 bytes)
1764598578.786117 sending message 112 to peer 0x5618c7f1d660 (13 bytes)
1764598578.786119 sending message 112 to peer 0x5618c7f1d660 (13 bytes)
1764598578.786121 sending message 112 to peer 0x5618c7f1d660 (13 bytes)
1764598578.786123 sending message 112 to peer 0x5618c7f1d660 (13 bytes)
1764598578.786125 sending message 112 to peer 0x5618c7f1d660 (13 bytes)
1764598578.786127 sending message 112 to peer 0x5618c7f1d660 (13 bytes)
1764598578.786129 sending message 112 to peer 0x5618c7f1d660 (13 bytes)
1764598578.786131 sending message 112 to peer 0x5618c7f1d660 (12 bytes)
1764598578.786133 sending message 112 to peer 0x5618c7f1d660 (12 bytes)
1764598578.786135 sending message 112 to peer 0x5618c7f1d660 (12 bytes)
1764598578.786137 sending message 112 to peer 0x5618c7f1d660 (8 bytes)
1764598578.786139 sending message 112 to peer 0x5618c7f1d660 (12 bytes)
1764598578.786141 sending message 112 to peer 0x5618c7f1d660 (13 bytes)
1764598578.786145 sending message 112 to peer 0x5618c7f1d660 (13 bytes)
1764598578.786147 sending message 112 to peer 0x5618c7f1d660 (13 bytes)
1764598578.786149 sending message 112 to peer 0x5618c7f1d660 (13 bytes)
1764598578.786151 sending message 112 to peer 0x5618c7f1d660 (13 bytes)
1764598578.786153 sending message 112 to peer 0x5618c7f1d660 (13 bytes)
1764598578.786156 sending message 112 to peer 0x5618c7f1d660 (13 bytes)
1764598578.786158 sending message 112 to peer 0x5618c7f1d660 (13 bytes)
1764598578.786160 sending message 112 to peer 0x5618c7f1d660 (12 bytes)
1764598578.786162 sending message 112 to peer 0x5618c7f1d660 (10 bytes)
1764598578.786163 sending message 112 to peer 0x5618c7f1d660 (12 bytes)
1764598578.786165 sending message 112 to peer 0x5618c7f1d660 (12 bytes)
1764598578.786167 sending message 112 to peer 0x5618c7f1d660 (12 bytes)
1764598578.786169 sending message 112 to peer 0x5618c7f1d660 (13 bytes)
1764598578.786171 sending message 112 to peer 0x5618c7f1d660 (13 bytes)
1764598578.786174 sending message 112 to peer 0x5618c7f1d660 (13 bytes)
1764598578.786176 sending message 112 to peer 0x5618c7f1d660 (13 bytes)
1764598578.786177 sending message 112 to peer 0x5618c7f1d660 (13 bytes)
1764598578.786179 sending message 112 to peer 0x5618c7f1d660 (13 bytes)
1764598578.786181 sending message 112 to peer 0x5618c7f1d660 (13 bytes)
1764598578.786183 sending message 112 to peer 0x5618c7f1d660 (10 bytes)
1764598578.786185 sending message 112 to peer 0x5618c7f1d660 (13 bytes)
1764598578.786187 sending message 112 to peer 0x5618c7f1d660 (12 bytes)
1764598578.786189 sending message 112 to peer 0x5618c7f1d660 (12 bytes)
1764598578.786191 sending message 112 to peer 0x5618c7f1d660 (12 bytes)
1764598578.786194 sending message 112 to peer 0x5618c7f1d660 (10 bytes)
1764598578.786196 sending message 112 to peer 0x5618c7f1d660 (10 bytes)
1764598578.786198 sending message 112 to peer 0x5618c7f1d660 (10 bytes)
1764598578.786200 sending message 112 to peer 0x5618c7f1d660 (12 bytes)
1764598578.786202 sending message 112 to peer 0x5618c7f1d660 (13 bytes)
1764598578.786203 sending message 112 to peer 0x5618c7f1d660 (13 bytes)
1764598578.786205 sending message 112 to peer 0x5618c7f1d660 (13 bytes)
1764598578.786207 sending message 112 to peer 0x5618c7f1d660 (13 bytes)
1764598578.786209 sending message 112 to peer 0x5618c7f1d660 (13 bytes)
1764598578.786212 sending message 112 to peer 0x5618c7f1d660 (10 bytes)
1764598578.786214 sending message 112 to peer 0x5618c7f1d660 (11 bytes)
1764598578.786216 sending message 112 to peer 0x5618c7f1d660 (12 bytes)
1764598578.786218 sending message 112 to peer 0x5618c7f1d660 (12 bytes)
1764598578.786220 sending message 112 to peer 0x5618c7f1d660 (12 bytes)
1764598578.786222 sending message 112 to peer 0x5618c7f1d660 (12 bytes)
1764598578.786224 sending message 112 to peer 0x5618c7f1d660 (12 bytes)
1764598578.786226 sending message 112 to peer 0x5618c7f1d660 (11 bytes)
1764598578.786228 sending message 112 to peer 0x5618c7f1d660 (12 bytes)
1764598578.786230 sending message 112 to peer 0x5618c7f1d660 (12 bytes)
1764598578.786232 sending message 112 to peer 0x5618c7f1d660 (13 bytes)
1764598578.786234 sending message 112 to peer 0x5618c7f1d660 (13 bytes)
1764598578.786236 sending message 112 to peer 0x5618c7f1d660 (13 bytes)
1764598578.786238 sending message 112 to peer 0x5618c7f1d660 (13 bytes)
1764598578.786240 sending message 112 to peer 0x5618c7f1d660 (13 bytes)
1764598578.786242 sending message 112 to peer 0x5618c7f1d660 (10 bytes)
1764598578.786244 sending message 112 to peer 0x5618c7f1d660 (9 bytes)
1764598578.786246 sending message 112 to peer 0x5618c7f1d660 (12 bytes)
1764598578.786248 sending message 112 to peer 0x5618c7f1d660 (13 bytes)
1764598578.786250 sending message 112 to peer 0x5618c7f1d660 (13 bytes)
1764598578.786252 sending message 112 to peer 0x5618c7f1d660 (13 bytes)
1764598578.786254 sending message 112 to peer 0x5618c7f1d660 (13 bytes)
1764598578.786256 sending message 112 to peer 0x5618c7f1d660 (13 bytes)
1764598578.786258 sending message 112 to peer 0x5618c7f1d660 (9 bytes)
1764598578.786262 sending message 112 to peer 0x5618c7f1d660 (12 bytes)
1764598578.786264 sending message 112 to peer 0x5618c7f1d660 (13 bytes)
1764598578.786266 sending message 112 to peer 0x5618c7f1d660 (13 bytes)
1764598578.786268 sending message 112 to peer 0x5618c7f1d660 (13 bytes)
1764598578.786270 sending message 112 to peer 0x5618c7f1d660 (13 bytes)
1764598578.786272 sending message 112 to peer 0x5618c7f1d660 (13 bytes)
1764598578.786274 sending message 112 to peer 0x5618c7f1d660 (11 bytes)
1764598578.786276 sending message 112 to peer 0x5618c7f1d660 (12 bytes)
1764598578.786278 sending message 112 to peer 0x5618c7f1d660 (13 bytes)
1764598578.786280 sending message 112 to peer 0x5618c7f1d660 (13 bytes)
1764598578.786282 sending message 112 to peer 0x5618c7f1d660 (13 bytes)
1764598578.786284 sending message 112 to peer 0x5618c7f1d660 (13 bytes)
1764598578.786286 sending message 112 to peer 0x5618c7f1d660 (13 bytes)
1764598578.786288 sending message 112 to peer 0x5618c7f1d660 (11 bytes)
1764598578.786290 sending message 112 to peer 0x5618c7f1d660 (12 bytes)
1764598578.786292 sending message 112 to peer 0x5618c7f1d660 (12 bytes)
1764598578.786294 sending message 112 to peer 0x5618c7f1d660 (12 bytes)
1764598578.786296 sending message 112 to peer 0x5618c7f1d660 (12 bytes)
1764598578.786298 sending message 112 to peer 0x5618c7f1d660 (12 bytes)
1764598578.786300 sending message 112 to peer 0x5618c7f1d660 (21 bytes)
1764598578.786302 sending message 112 to peer 0x5618c7f1d660 (12 bytes)
1764598578.786304 sending message 112 to peer 0x5618c7f1d660 (9 bytes)
1764598578.786306 sending message 112 to peer 0x5618c7f1d660 (6 bytes)
1764598578.786308 sending message 112 to peer 0x5618c7f1d660 (13 bytes)
1764598578.786310 sending message 112 to peer 0x5618c7f1d660 (10 bytes)
1764598578.786312 sending message 112 to peer 0x5618c7f1d660 (24 bytes)
1764598578.786314 sending message 112 to peer 0x5618c7f1d660 (13 bytes)
1764598578.786317 sending message 112 to peer 0x5618c7f1d660 (9 bytes)
1764598578.786319 sending message 112 to peer 0x5618c7f1d660 (70 bytes)
1764598578.786321 sending message 112 to peer 0x5618c7f1d660 (69 bytes)
1764598578.786323 sending message 112 to peer 0x5618c7f1d660 (12 bytes)
1764598578.786325 sending message 112 to peer 0x5618c7f1d660 (10 bytes)
1764598578.786328 sending message 112 to peer 0x5618c7f1d660 (10 bytes)
1764598578.786330 sending message 112 to peer 0x5618c7f1d660 (24 bytes)
1764598578.786332 sending message 112 to peer 0x5618c7f1d660 (13 bytes)
1764598578.786334 sending message 112 to peer 0x5618c7f1d660 (10 bytes)
1764598578.786336 sending message 112 to peer 0x5618c7f1d660 (10 bytes)
1764598578.786338 sending message 112 to peer 0x5618c7f1d660 (10 bytes)
1764598578.786340 sending message 112 to peer 0x5618c7f1d660 (13 bytes)
1764598578.786342 sending message 112 to peer 0x5618c7f1d660 (15 bytes)
1764598578.786345 sending message 112 to peer 0x5618c7f1d660 (5 bytes)
1764598578.786347 sending message 104 to peer 0x5618c7f1d660 (0 bytes)
1764598578.786350 sending message 110 to peer 0x5618c7f1d660 (0 bytes)
1764598578.786353 sending message 107 to peer 0x5618c7f1d660 (4 bytes)
1764598578.786355 sending message 105 to peer 0x5618c7f1d660 (16 bytes)
1764598578.786357 sending message 105 to peer 0x5618c7f1d660 (20 bytes)
1764598578.786359 sending message 105 to peer 0x5618c7f1d660 (27 bytes)
1764598578.786361 sending message 105 to peer 0x5618c7f1d660 (59 bytes)
1764598578.786363 sending message 105 to peer 0x5618c7f1d660 (28 bytes)
1764598578.786365 sending message 105 to peer 0x5618c7f1d660 (37 bytes)
1764598578.786368 sending message 105 to peer 0x5618c7f1d660 (7 bytes)
1764598578.786370 sending message 105 to peer 0x5618c7f1d660 (30 bytes)
1764598578.786372 sending message 105 to peer 0x5618c7f1d660 (13 bytes)
1764598578.786374 sending message 105 to peer 0x5618c7f1d660 (30 bytes)
1764598578.786377 sending message 105 to peer 0x5618c7f1d660 (122 bytes)
1764598578.786379 sending message 105 to peer 0x5618c7f1d660 (15 bytes)
1764598578.786381 sending message 105 to peer 0x5618c7f1d660 (16 bytes)
1764598578.786385 sending message 105 to peer 0x5618c7f1d660 (17 bytes)
1764598578.786388 sending message 105 to peer 0x5618c7f1d660 (1519 bytes)
1764598578.786401 sending message 105 to peer 0x5618c7f1d660 (32 bytes)
1764598578.786403 sending message 105 to peer 0x5618c7f1d660 (30 bytes)
1764598578.786406 sending message 105 to peer 0x5618c7f1d660 (136 bytes)
1764598578.786409 sending message 105 to peer 0x5618c7f1d660 (46 bytes)
1764598578.786411 sending message 105 to peer 0x5618c7f1d660 (23 bytes)
1764598578.786413 sending message 105 to peer 0x5618c7f1d660 (31 bytes)
1764598578.786415 sending message 105 to peer 0x5618c7f1d660 (38 bytes)
1764598578.786417 sending message 105 to peer 0x5618c7f1d660 (34 bytes)
1764598578.786419 sending message 105 to peer 0x5618c7f1d660 (29 bytes)
1764598578.786421 sending message 105 to peer 0x5618c7f1d660 (20 bytes)
1764598578.786423 sending message 105 to peer 0x5618c7f1d660 (11 bytes)
1764598578.786425 sending message 105 to peer 0x5618c7f1d660 (32 bytes)
1764598578.786427 sending message 105 to peer 0x5618c7f1d660 (10 bytes)
1764598578.786429 sending message 105 to peer 0x5618c7f1d660 (54 bytes)
1764598578.786431 sending message 105 to peer 0x5618c7f1d660 (14 bytes)
1764598578.786433 sending message 105 to peer 0x5618c7f1d660 (8 bytes)
1764598578.786435 sending message 105 to peer 0x5618c7f1d660 (14 bytes)
1764598578.786437 sending message 105 to peer 0x5618c7f1d660 (45 bytes)
1764598578.786439 sending message 105 to peer 0x5618c7f1d660 (53 bytes)
1764598578.786441 sending message 105 to peer 0x5618c7f1d660 (31 bytes)
1764598578.786443 sending message 105 to peer 0x5618c7f1d660 (23 bytes)
1764598578.786445 sending message 105 to peer 0x5618c7f1d660 (41 bytes)
1764598578.786448 sending message 105 to peer 0x5618c7f1d660 (153 bytes)
1764598578.786450 sending message 105 to peer 0x5618c7f1d660 (124 bytes)
1764598578.786453 sending message 105 to peer 0x5618c7f1d660 (323 bytes)
1764598578.786455 sending message 105 to peer 0x5618c7f1d660 (50 bytes)
1764598578.786457 sending message 105 to peer 0x5618c7f1d660 (20 bytes)
1764598578.786459 sending message 105 to peer 0x5618c7f1d660 (78 bytes)
1764598578.786461 sending message 105 to peer 0x5618c7f1d660 (28 bytes)
1764598578.786463 sending message 106 to peer 0x5618c7f1d660 (0 bytes)
1764598578.786512 cmd_pack_argv: argv[0]=attach-session
1764598578.786516 cmd_pack_argv: argv[1]=-t
1764598578.786518 cmd_pack_argv: argv[2]=0
1764598578.786520 sending message 200 to peer 0x5618c7f1d660 (24 bytes)
1764598578.786522 client loop enter
1764598578.786779 peer 0x5618c7f1d660 message 303
1764598578.786783 open write file 2 -
1764598578.786789 sending message 305 to peer 0x5618c7f1d660 (8 bytes)
1764598578.786793 write check file 2
1764598578.786827 peer 0x5618c7f1d660 message 304
1764598578.786830 write 37 to file 2
1764598578.786832 peer 0x5618c7f1d660 message 203
1764598578.786835 file 2 37 bytes left
1764598578.786840 write check file 2
1764598578.786843 client loop exit
